# JRE version: OpenJDK Runtime Environment Temurin-21.0.5+11 (21.0.5+11) (build 21.0.5+11-LTS)
# Java VM: OpenJDK 64-Bit Server VM Temurin-21.0.5+11 (21.0.5+11-LTS, mixed mode, sharing, tiered, compressed oops, compressed class ptrs, g1 gc, windows-amd64)
GC Precious Log:
 CardTable entry size: 512
 Card Set container configuration: InlinePtr #cards 4 size 8 Array Of Cards #cards 32 size 80 Howl #buckets 8 coarsen threshold 7372 Howl Bitmap #cards 1024 size 144 coarsen threshold 921 Card regions per heap region 1 cards per card region 8192
 CPUs: 12 total, 12 available
 Memory: 7900M
 Large Page Support: Disabled
 NUMA Support: Disabled
 Compressed Oops: Enabled (Zero based)
 Heap Region Size: 4M
 Heap Min Capacity: 8M
 Heap Initial Capacity: 124M
 Heap Max Capacity: 8G
 Pre-touch: Disabled
 Parallel Workers: 10
 Concurrent Workers: 3
 Concurrent Refinement Workers: 10
 Periodic GC: Disabled
Heap:
 garbage-first heap   total 307200K, used 198131K [0x0000000600000000, 0x0000000800000000)
  region size 4096K, 3 young (12288K), 3 survivors (12288K)
 Metaspace       used 157726K, committed 160576K, reserved 1245184K
  class space    used 20298K, committed 21696K, reserved 1048576K
GC Heap History (20 events):
Event: 562.381 GC heap after
{Heap after GC invocations=54 (full 0):
 garbage-first heap   total 290816K, used 153185K [0x0000000600000000, 0x0000000800000000)
  region size 4096K, 1 young (4096K), 1 survivors (4096K)
 Metaspace       used 128930K, committed 131712K, reserved 1179648K
  class space    used 17293K, committed 18688K, reserved 1048576K
}
Event: 610.811 GC heap before
{Heap before GC invocations=54 (full 0):
 garbage-first heap   total 290816K, used 210529K [0x0000000600000000, 0x0000000800000000)
  region size 4096K, 16 young (65536K), 1 survivors (4096K)
 Metaspace       used 138655K, committed 141376K, reserved 1179648K
  class space    used 18110K, committed 19456K, reserved 1048576K
}
Event: 610.907 GC heap after
{Heap after GC invocations=55 (full 0):
 garbage-first heap   total 290816K, used 154400K [0x0000000600000000, 0x0000000800000000)
  region size 4096K, 1 young (4096K), 1 survivors (4096K)
 Metaspace       used 138655K, committed 141376K, reserved 1179648K
  class space    used 18110K, committed 19456K, reserved 1048576K
}
Event: 636.836 GC heap before
{Heap before GC invocations=55 (full 0):
 garbage-first heap   total 290816K, used 236320K [0x0000000600000000, 0x0000000800000000)
  region size 4096K, 21 young (86016K), 1 survivors (4096K)
 Metaspace       used 144918K, committed 147712K, reserved 1179648K
  class space    used 18807K, committed 20160K, reserved 1048576K
}
Event: 636.913 GC heap after
{Heap after GC invocations=56 (full 0):
 garbage-first heap   total 290816K, used 163733K [0x0000000600000000, 0x0000000800000000)
  region size 4096K, 3 young (12288K), 3 survivors (12288K)
 Metaspace       used 144918K, committed 147712K, reserved 1179648K
  class space    used 18807K, committed 20160K, reserved 1048576K
}
Event: 640.160 GC heap before
{Heap before GC invocations=56 (full 0):
 garbage-first heap   total 290816K, used 196501K [0x0000000600000000, 0x0000000800000000)
  region size 4096K, 11 young (45056K), 3 survivors (12288K)
 Metaspace       used 146225K, committed 148992K, reserved 1179648K
  class space    used 18977K, committed 20352K, reserved 1048576K
}
Event: 640.229 GC heap after
{Heap after GC invocations=57 (full 0):
 garbage-first heap   total 290816K, used 169219K [0x0000000600000000, 0x0000000800000000)
  region size 4096K, 2 young (8192K), 2 survivors (8192K)
 Metaspace       used 146225K, committed 148992K, reserved 1179648K
  class space    used 18977K, committed 20352K, reserved 1048576K
}
Event: 655.401 GC heap before
{Heap before GC invocations=57 (full 0):
 garbage-first heap   total 290816K, used 251139K [0x0000000600000000, 0x0000000800000000)
  region size 4096K, 22 young (90112K), 2 survivors (8192K)
 Metaspace       used 151547K, committed 154304K, reserved 1245184K
  class space    used 19686K, committed 21056K, reserved 1048576K
}
Event: 655.445 GC heap after
{Heap after GC invocations=58 (full 0):
 garbage-first heap   total 290816K, used 173674K [0x0000000600000000, 0x0000000800000000)
  region size 4096K, 3 young (12288K), 3 survivors (12288K)
 Metaspace       used 151547K, committed 154304K, reserved 1245184K
  class space    used 19686K, committed 21056K, reserved 1048576K
}
Event: 670.993 GC heap before
{Heap before GC invocations=58 (full 0):
 garbage-first heap   total 290816K, used 247402K [0x0000000600000000, 0x0000000800000000)
  region size 4096K, 22 young (90112K), 3 survivors (12288K)
 Metaspace       used 154527K, committed 157376K, reserved 1245184K
  class space    used 20043K, committed 21440K, reserved 1048576K
}
Event: 671.039 GC heap after
{Heap after GC invocations=59 (full 0):
 garbage-first heap   total 290816K, used 177776K [0x0000000600000000, 0x0000000800000000)
  region size 4096K, 3 young (12288K), 3 survivors (12288K)
 Metaspace       used 154527K, committed 157376K, reserved 1245184K
  class space    used 20043K, committed 21440K, reserved 1048576K
}
Event: 673.796 GC heap before
{Heap before GC invocations=59 (full 0):
 garbage-first heap   total 290816K, used 251504K [0x0000000600000000, 0x0000000800000000)
  region size 4096K, 21 young (86016K), 3 survivors (12288K)
 Metaspace       used 154677K, committed 157568K, reserved 1245184K
  class space    used 20044K, committed 21440K, reserved 1048576K
}
Event: 673.865 GC heap after
{Heap after GC invocations=60 (full 0):
 garbage-first heap   total 290816K, used 180160K [0x0000000600000000, 0x0000000800000000)
  region size 4096K, 2 young (8192K), 2 survivors (8192K)
 Metaspace       used 154677K, committed 157568K, reserved 1245184K
  class space    used 20044K, committed 21440K, reserved 1048576K
}
Event: 719.002 GC heap before
{Heap before GC invocations=61 (full 0):
 garbage-first heap   total 307200K, used 253888K [0x0000000600000000, 0x0000000800000000)
  region size 4096K, 21 young (86016K), 2 survivors (8192K)
 Metaspace       used 154763K, committed 157568K, reserved 1245184K
  class space    used 20044K, committed 21440K, reserved 1048576K
}
Event: 719.148 GC heap after
{Heap after GC invocations=62 (full 0):
 garbage-first heap   total 307200K, used 186638K [0x0000000600000000, 0x0000000800000000)
  region size 4096K, 3 young (12288K), 3 survivors (12288K)
 Metaspace       used 154763K, committed 157568K, reserved 1245184K
  class space    used 20044K, committed 21440K, reserved 1048576K
}
Event: 719.171 GC heap before
{Heap before GC invocations=62 (full 0):
 garbage-first heap   total 307200K, used 190734K [0x0000000600000000, 0x0000000800000000)
  region size 4096K, 4 young (16384K), 3 survivors (12288K)
 Metaspace       used 154763K, committed 157568K, reserved 1245184K
  class space    used 20044K, committed 21440K, reserved 1048576K
}
Event: 719.260 GC heap after
{Heap after GC invocations=63 (full 0):
 garbage-first heap   total 307200K, used 186588K [0x0000000600000000, 0x0000000800000000)
  region size 4096K, 1 young (4096K), 1 survivors (4096K)
 Metaspace       used 154763K, committed 157568K, reserved 1245184K
  class space    used 20044K, committed 21440K, reserved 1048576K
}
Event: 723.960 GC heap before
{Heap before GC invocations=63 (full 0):
 garbage-first heap   total 307200K, used 235740K [0x0000000600000000, 0x0000000800000000)
  region size 4096K, 13 young (53248K), 1 survivors (4096K)
 Metaspace       used 154890K, committed 157824K, reserved 1245184K
  class space    used 20045K, committed 21504K, reserved 1048576K
}
Event: 724.030 GC heap after
{Heap after GC invocations=64 (full 0):
 garbage-first heap   total 307200K, used 189735K [0x0000000600000000, 0x0000000800000000)
  region size 4096K, 2 young (8192K), 2 survivors (8192K)
 Metaspace       used 154890K, committed 157824K, reserved 1245184K
  class space    used 20045K, committed 21504K, reserved 1048576K
}
Event: 743.808 GC heap before
{Heap before GC invocations=64 (full 0):
 garbage-first heap   total 307200K, used 275751K [0x0000000600000000, 0x0000000800000000)
  region size 4096K, 23 young (94208K), 2 survivors (8192K)
 Metaspace       used 157726K, committed 160576K, reserved 1245184K
  class space    used 20298K, committed 21696K, reserved 1048576K
}

